\BOOKMARK [1][-]{section.1}{Introduction}{}% 1
\BOOKMARK [1][-]{section.2}{The\040NVCentre\040in\040Diamond}{}% 2
\BOOKMARK [2][-]{section*.2}{Electronic\040Structure}{section.2}% 3
\BOOKMARK [2][-]{section*.3}{Optical\040ans\040Spin\040Properties}{section.2}% 4
\BOOKMARK [1][-]{section.3}{Synthesis}{}% 5
\BOOKMARK [2][-]{section*.4}{Bulk\040Diamonds}{section.3}% 6
\BOOKMARK [2][-]{section*.5}{Nanodiamonds}{section.3}% 7
\BOOKMARK [1][-]{section.4}{Sensing\040with\040NV\040centres}{}% 8
\BOOKMARK [2][-]{section*.6}{Sensing\040Protocols}{section.4}% 9
\BOOKMARK [3][-]{section*.7}{Continuous\040Measurement}{section*.6}% 10
\BOOKMARK [3][-]{section*.8}{Pulsed\040Measurement}{section*.6}% 11
\BOOKMARK [3][-]{section*.9}{Relaxometry}{section*.6}% 12
\BOOKMARK [2][-]{section*.10}{Applications\040in\040Biological\040Sensing}{section.4}% 13
\BOOKMARK [3][-]{section*.11}{Electric\040Field\040Sensing}{section*.10}% 14
\BOOKMARK [3][-]{section*.12}{Magnetic\040Field\040Sensing}{section*.10}% 15
\BOOKMARK [3][-]{section*.13}{Measuring\040Ion\040Concentrations}{section*.10}% 16
\BOOKMARK [3][-]{section*.14}{Scanning\040Magnetometry}{section*.10}% 17
\BOOKMARK [3][-]{section*.15}{Thermometry}{section*.10}% 18
\BOOKMARK [3][-]{section*.16}{Strain\040and\040Pressure\040Sensing}{section*.10}% 19
\BOOKMARK [2][-]{section*.17}{Recent\040development\0401}{section.4}% 20
\BOOKMARK [2][-]{section*.18}{Recent\040Development\0402}{section.4}% 21
\BOOKMARK [1][-]{section.5}{Conclusion}{}% 22
